   1              		.cpu arm7tdmi
   2              		.fpu softvfp
   3              		.eabi_attribute 20, 1
   4              		.eabi_attribute 21, 1
   5              		.eabi_attribute 23, 3
   6              		.eabi_attribute 24, 1
   7              		.eabi_attribute 25, 1
   8              		.eabi_attribute 26, 1
   9              		.eabi_attribute 30, 6
  10              		.eabi_attribute 18, 4
  11              		.file	"gestorRebotes.c"
  21              	.Ltext0:
  22              		.file 1 "../gestorRebotes.c"
 1883              		.align	2
 1886              	haLlegadoA500ms:
 1887 0000 00000000 		.space	4
 1888              		.global	veces10ms
 1889              		.align	2
 1892              	veces10ms:
 1893 0004 00000000 		.space	4
 1894              		.global	estado
 1895              		.align	2
 1898              	estado:
 1899 0008 00000000 		.space	4
 1900              		.comm	botonPulsado,4,4
 1901              		.global	tiempoAlPulsar_Soltar
 1902              		.data
 1903              		.align	2
 1906              	tiempoAlPulsar_Soltar:
 1907 0000 10270000 		.word	10000
 1908              		.global	tiempoSiguePulsado
 1909              		.align	2
 1912              	tiempoSiguePulsado:
 1913 0004 0A050000 		.word	1290
 1914              		.text
 1915              		.align	2
 1916              		.global	timer0_ISR
 1918              	timer0_ISR:
 1919              	.LFB0:
   1:../gestorRebotes.c **** /*********************************************************************************************
   2:../gestorRebotes.c **** * Fichero:		gestorRebotes.c
   3:../gestorRebotes.c **** * Autor:
   4:../gestorRebotes.c **** * Descrip:		funciones de control del timer0 del s3c44b0x
   5:../gestorRebotes.c **** * Version:
   6:../gestorRebotes.c **** *********************************************************************************************/
   7:../gestorRebotes.c **** 
   8:../gestorRebotes.c **** /*--- ficheros de cabecera ---*/
   9:../gestorRebotes.c **** #include "44b.h"
  10:../gestorRebotes.c **** #include "44blib.h"
  11:../gestorRebotes.c **** #include "gestorSudoku.h"
  12:../gestorRebotes.c **** 
  13:../gestorRebotes.c **** enum {botonIzquierdo = 0, botonDerecho = 1};
  14:../gestorRebotes.c **** enum {botonIzqMascara = 6, botonDerMascara = 7};
  15:../gestorRebotes.c **** enum {SinPulsar = 0, Pulsado = 1, Soltando = 2};
  16:../gestorRebotes.c **** enum {false = 0, true = 1};
  17:../gestorRebotes.c **** 
  18:../gestorRebotes.c **** /*--- variables globales ---*/
  19:../gestorRebotes.c **** int haLlegadoA500ms = false;	//vale true si se ha mantenido el botón izquierdo 500ms
  20:../gestorRebotes.c **** int veces10ms = 0;				//Lleva la cuenta de las veces que han pasado 10ms
  21:../gestorRebotes.c **** int estado = SinPulsar;
  22:../gestorRebotes.c **** int botonPulsado;				//Guarda el botón pulsado en la máscara
  23:../gestorRebotes.c **** int tiempoAlPulsar_Soltar = 10000;		//250 ms
  24:../gestorRebotes.c **** int tiempoSiguePulsado = 1290;			//10 ms
  25:../gestorRebotes.c **** 
  26:../gestorRebotes.c **** /*--- declaracion de funciones ---*/
  27:../gestorRebotes.c **** // Para definir la rutina de captura de la interrupción del timer.
  28:../gestorRebotes.c **** void timer0_ISR(void) __attribute__((interrupt("IRQ")));
  29:../gestorRebotes.c **** void timer0_init(int);
  30:../gestorRebotes.c **** 
  31:../gestorRebotes.c **** /*--- codigo de las funciones ---*/
  32:../gestorRebotes.c **** // Rutina de captura de una interrupción del timer.
  33:../gestorRebotes.c **** void timer0_ISR(void)
  34:../gestorRebotes.c **** {
 1920              		.loc 1 34 0
 1921              		.cfi_startproc
 1922              		@ Interrupt Service Routine.
 1923              		@ args = 0, pretend = 0, frame = 0
 1924              		@ frame_needed = 1, uses_anonymous_args = 0
 1925 0000 04C02DE5 		str	ip, [sp, #-4]!
 1926 0004 0DC0A0E1 		mov	ip, sp
 1927              	.LCFI0:
 1928              		.cfi_def_cfa_register 12
 1929 0008 0FD82DE9 		stmfd	sp!, {r0, r1, r2, r3, fp, ip, lr, pc}
 1930 000c 04B04CE2 		sub	fp, ip, #4
 1931              		.cfi_offset 14, -8
 1932              		.cfi_offset 13, -12
 1933              		.cfi_offset 11, -16
 1934              		.cfi_offset 3, -20
 1935              		.cfi_offset 2, -24
 1936              		.cfi_offset 1, -28
 1937              		.cfi_offset 0, -32
 1938              	.LCFI1:
 1939              		.cfi_def_cfa 11, 4
  35:../gestorRebotes.c **** 	/* Si el botón se estaba soltando, actualiza el estado como sinPulsar
  36:../gestorRebotes.c **** 	 * y reinicia los valores del timer además de los botones.
  37:../gestorRebotes.c **** 	 * Si esta pulsado, solicita al timer0 que le avise en [tiempoSiguePulsado] ms
  38:../gestorRebotes.c **** 	 */
  39:../gestorRebotes.c **** 	if(estado == Soltando){ //estado2
 1940              		.loc 1 39 0
 1941 0010 9C319FE5 		ldr	r3, .L7
 1942 0014 003093E5 		ldr	r3, [r3, #0]
 1943 0018 020053E3 		cmp	r3, #2
 1944 001c 1600001A 		bne	.L2
  40:../gestorRebotes.c **** 		estado = SinPulsar;  //va a estado0
 1945              		.loc 1 40 0
 1946 0020 8C319FE5 		ldr	r3, .L7
 1947 0024 0020A0E3 		mov	r2, #0
 1948 0028 002083E5 		str	r2, [r3, #0]
  41:../gestorRebotes.c **** 		//Se reinician las variables empleadas para el control de la opción de
  42:../gestorRebotes.c **** 		//mantener pulsado los botones
  43:../gestorRebotes.c **** 		haLlegadoA500ms = false;
 1949              		.loc 1 43 0
 1950 002c 84319FE5 		ldr	r3, .L7+4
 1951 0030 0020A0E3 		mov	r2, #0
 1952 0034 002083E5 		str	r2, [r3, #0]
  44:../gestorRebotes.c **** 		veces10ms = 0;
 1953              		.loc 1 44 0
 1954 0038 7C319FE5 		ldr	r3, .L7+8
 1955 003c 0020A0E3 		mov	r2, #0
 1956 0040 002083E5 		str	r2, [r3, #0]
  45:../gestorRebotes.c **** 		//Se reinician los botones
  46:../gestorRebotes.c **** 		rINTMSK    &= ~(BIT_EINT4567); // Enmascara todas las lineas excepto eint4567.
 1957              		.loc 1 46 0
 1958 0044 74319FE5 		ldr	r3, .L7+12
 1959 0048 70219FE5 		ldr	r2, .L7+12
 1960 004c 002092E5 		ldr	r2, [r2, #0]
 1961 0050 0226C2E3 		bic	r2, r2, #2097152
 1962 0054 002083E5 		str	r2, [r3, #0]
  47:../gestorRebotes.c **** 		/* Por precaucion, se vuelven a borrar los bits de INTPND y EXTINTPND */
  48:../gestorRebotes.c **** 		rI_ISPC    |= (BIT_EINT4567);
 1963              		.loc 1 48 0
 1964 0058 64319FE5 		ldr	r3, .L7+16
 1965 005c 60219FE5 		ldr	r2, .L7+16
 1966 0060 002092E5 		ldr	r2, [r2, #0]
 1967 0064 022682E3 		orr	r2, r2, #2097152
 1968 0068 002083E5 		str	r2, [r3, #0]
  49:../gestorRebotes.c **** 		rEXTINTPND = 0xf;
 1969              		.loc 1 49 0
 1970 006c 54319FE5 		ldr	r3, .L7+20
 1971 0070 0F20A0E3 		mov	r2, #15
 1972 0074 002083E5 		str	r2, [r3, #0]
 1973 0078 440000EA 		b	.L3
 1974              	.L2:
  50:../gestorRebotes.c **** 	}
  51:../gestorRebotes.c **** 	//Si se ha soltado el botón
  52:../gestorRebotes.c **** 	/*else estado es Pulsado*/
  53:../gestorRebotes.c **** 	else if(rPDATG & (1<<botonPulsado)){
 1975              		.loc 1 53 0
 1976 007c 48319FE5 		ldr	r3, .L7+24
 1977 0080 002093E5 		ldr	r2, [r3, #0]
 1978 0084 44319FE5 		ldr	r3, .L7+28
 1979 0088 003093E5 		ldr	r3, [r3, #0]
 1980 008c 0110A0E3 		mov	r1, #1
 1981 0090 1133A0E1 		mov	r3, r1, asl r3
 1982 0094 033002E0 		and	r3, r2, r3
 1983 0098 000053E3 		cmp	r3, #0
 1984 009c 0700000A 		beq	.L4
  54:../gestorRebotes.c **** 		timer0_init(tiempoAlPulsar_Soltar);
 1985              		.loc 1 54 0
 1986 00a0 2C319FE5 		ldr	r3, .L7+32
 1987 00a4 003093E5 		ldr	r3, [r3, #0]
 1988 00a8 0300A0E1 		mov	r0, r3
 1989 00ac FEFFFFEB 		bl	timer0_init
  55:../gestorRebotes.c **** 		estado = Soltando;
 1990              		.loc 1 55 0
 1991 00b0 FC309FE5 		ldr	r3, .L7
 1992 00b4 0220A0E3 		mov	r2, #2
 1993 00b8 002083E5 		str	r2, [r3, #0]
 1994 00bc 330000EA 		b	.L3
 1995              	.L4:
  56:../gestorRebotes.c **** 	}
  57:../gestorRebotes.c **** 	//Si se mantiene pulsado
  58:../gestorRebotes.c **** 	else if(!(rPDATG & (1<<botonPulsado))){ //estado1
 1996              		.loc 1 58 0
 1997 00c0 04319FE5 		ldr	r3, .L7+24
 1998 00c4 002093E5 		ldr	r2, [r3, #0]
 1999 00c8 00319FE5 		ldr	r3, .L7+28
 2000 00cc 003093E5 		ldr	r3, [r3, #0]
 2001 00d0 0110A0E3 		mov	r1, #1
 2002 00d4 1133A0E1 		mov	r3, r1, asl r3
 2003 00d8 033002E0 		and	r3, r2, r3
 2004 00dc 000053E3 		cmp	r3, #0
 2005 00e0 2A00001A 		bne	.L3
  59:../gestorRebotes.c **** 		//Si se pulsa el botón de selección y se esta manteniendo
  60:../gestorRebotes.c **** 		if(botonPulsado==botonIzqMascara){
 2006              		.loc 1 60 0
 2007 00e4 E4309FE5 		ldr	r3, .L7+28
 2008 00e8 003093E5 		ldr	r3, [r3, #0]
 2009 00ec 060053E3 		cmp	r3, #6
 2010 00f0 2200001A 		bne	.L5
  61:../gestorRebotes.c **** 			veces10ms++;
 2011              		.loc 1 61 0
 2012 00f4 C0309FE5 		ldr	r3, .L7+8
 2013 00f8 003093E5 		ldr	r3, [r3, #0]
 2014 00fc 012083E2 		add	r2, r3, #1
 2015 0100 B4309FE5 		ldr	r3, .L7+8
 2016 0104 002083E5 		str	r2, [r3, #0]
  62:../gestorRebotes.c **** 			//Si lleva 500ms asi se informa al gestor del sudoku
  63:../gestorRebotes.c **** 			if(!haLlegadoA500ms && veces10ms==50){
 2017              		.loc 1 63 0
 2018 0108 A8309FE5 		ldr	r3, .L7+4
 2019 010c 003093E5 		ldr	r3, [r3, #0]
 2020 0110 000053E3 		cmp	r3, #0
 2021 0114 0C00001A 		bne	.L6
 2022              		.loc 1 63 0 is_stmt 0 discriminator 1
 2023 0118 9C309FE5 		ldr	r3, .L7+8
 2024 011c 003093E5 		ldr	r3, [r3, #0]
 2025 0120 320053E3 		cmp	r3, #50
 2026 0124 0800001A 		bne	.L6
  64:../gestorRebotes.c **** 				haLlegadoA500ms = true;
 2027              		.loc 1 64 0 is_stmt 1
 2028 0128 88309FE5 		ldr	r3, .L7+4
 2029 012c 0120A0E3 		mov	r2, #1
 2030 0130 002083E5 		str	r2, [r3, #0]
  65:../gestorRebotes.c **** 				gestionarSudoku(botonIzquierdo);
 2031              		.loc 1 65 0
 2032 0134 0000A0E3 		mov	r0, #0
 2033 0138 FEFFFFEB 		bl	gestionarSudoku
  66:../gestorRebotes.c **** 				veces10ms = 0;
 2034              		.loc 1 66 0
 2035 013c 78309FE5 		ldr	r3, .L7+8
 2036 0140 0020A0E3 		mov	r2, #0
 2037 0144 002083E5 		str	r2, [r3, #0]
 2038 0148 0C0000EA 		b	.L5
 2039              	.L6:
  67:../gestorRebotes.c **** 			}
  68:../gestorRebotes.c **** 			//Si ha alcanzado los 500 ms, aumenta cada 300ms
  69:../gestorRebotes.c **** 			else if(haLlegadoA500ms && veces10ms==30){
 2040              		.loc 1 69 0
 2041 014c 64309FE5 		ldr	r3, .L7+4
 2042 0150 003093E5 		ldr	r3, [r3, #0]
 2043 0154 000053E3 		cmp	r3, #0
 2044 0158 0800000A 		beq	.L5
 2045              		.loc 1 69 0 is_stmt 0 discriminator 1
 2046 015c 58309FE5 		ldr	r3, .L7+8
 2047 0160 003093E5 		ldr	r3, [r3, #0]
 2048 0164 1E0053E3 		cmp	r3, #30
 2049 0168 0400001A 		bne	.L5
  70:../gestorRebotes.c **** 				veces10ms=0;
 2050              		.loc 1 70 0 is_stmt 1
 2051 016c 48309FE5 		ldr	r3, .L7+8
 2052 0170 0020A0E3 		mov	r2, #0
 2053 0174 002083E5 		str	r2, [r3, #0]
  71:../gestorRebotes.c **** 				gestionarSudoku(botonIzquierdo);
 2054              		.loc 1 71 0
 2055 0178 0000A0E3 		mov	r0, #0
 2056 017c FEFFFFEB 		bl	gestionarSudoku
 2057              	.L5:
  72:../gestorRebotes.c **** 			}
  73:../gestorRebotes.c **** 		}
  74:../gestorRebotes.c **** 		timer0_init(tiempoSiguePulsado);  //Falta el include del timer
 2058              		.loc 1 74 0
 2059 0180 50309FE5 		ldr	r3, .L7+36
 2060 0184 003093E5 		ldr	r3, [r3, #0]
 2061 0188 0300A0E1 		mov	r0, r3
 2062 018c FEFFFFEB 		bl	timer0_init
 2063              	.L3:
  75:../gestorRebotes.c **** 	}
  76:../gestorRebotes.c **** 	/* borrar bit en I_ISPC para desactivar la solicitud de interrupción*/
  77:../gestorRebotes.c **** 	rI_ISPC |= BIT_TIMER0;
 2064              		.loc 1 77 0
 2065 0190 2C309FE5 		ldr	r3, .L7+16
 2066 0194 28209FE5 		ldr	r2, .L7+16
 2067 0198 002092E5 		ldr	r2, [r2, #0]
 2068 019c 022A82E3 		orr	r2, r2, #8192
 2069 01a0 002083E5 		str	r2, [r3, #0]
  78:../gestorRebotes.c **** }
 2070              		.loc 1 78 0
 2071 01a4 1CD04BE2 		sub	sp, fp, #28
 2072 01a8 0F689DE8 		ldmfd	sp, {r0, r1, r2, r3, fp, sp, lr}
 2073 01ac 04C09DE4 		ldmfd	sp!, {ip}
 2074 01b0 04F05EE2 		subs	pc, lr, #4
 2075              	.L8:
 2076              		.align	2
 2077              	.L7:
 2078 01b4 00000000 		.word	estado
 2079 01b8 00000000 		.word	haLlegadoA500ms
 2080 01bc 00000000 		.word	veces10ms
 2081 01c0 0C00E001 		.word	31457292
 2082 01c4 2400E001 		.word	31457316
 2083 01c8 5400D201 		.word	30539860
 2084 01cc 4400D201 		.word	30539844
 2085 01d0 00000000 		.word	botonPulsado
 2086 01d4 00000000 		.word	tiempoAlPulsar_Soltar
 2087 01d8 00000000 		.word	tiempoSiguePulsado
 2088              		.cfi_endproc
 2089              	.LFE0:
 2091              		.align	2
 2092              		.global	gestionarRebotesPulsacion
 2094              	gestionarRebotesPulsacion:
 2095              	.LFB1:
  79:../gestorRebotes.c **** 
  80:../gestorRebotes.c **** void gestionarRebotesPulsacion(int boton){
 2096              		.loc 1 80 0
 2097              		.cfi_startproc
 2098              		@ Function supports interworking.
 2099              		@ args = 0, pretend = 0, frame = 8
 2100              		@ frame_needed = 1, uses_anonymous_args = 0
 2101 01dc 0DC0A0E1 		mov	ip, sp
 2102              	.LCFI2:
 2103              		.cfi_def_cfa_register 12
 2104 01e0 00D82DE9 		stmfd	sp!, {fp, ip, lr, pc}
 2105 01e4 04B04CE2 		sub	fp, ip, #4
 2106              		.cfi_offset 14, -8
 2107              		.cfi_offset 13, -12
 2108              		.cfi_offset 11, -16
 2109              	.LCFI3:
 2110              		.cfi_def_cfa 11, 4
 2111 01e8 08D04DE2 		sub	sp, sp, #8
 2112 01ec 10000BE5 		str	r0, [fp, #-16]
  81:../gestorRebotes.c **** 	estado = Pulsado; //va a Estado1
 2113              		.loc 1 81 0
 2114 01f0 2C309FE5 		ldr	r3, .L10
 2115 01f4 0120A0E3 		mov	r2, #1
 2116 01f8 002083E5 		str	r2, [r3, #0]
  82:../gestorRebotes.c **** 	botonPulsado = boton;
 2117              		.loc 1 82 0
 2118 01fc 24309FE5 		ldr	r3, .L10+4
 2119 0200 10201BE5 		ldr	r2, [fp, #-16]
 2120 0204 002083E5 		str	r2, [r3, #0]
  83:../gestorRebotes.c **** 	timer0_init(tiempoAlPulsar_Soltar);
 2121              		.loc 1 83 0
 2122 0208 1C309FE5 		ldr	r3, .L10+8
 2123 020c 003093E5 		ldr	r3, [r3, #0]
 2124 0210 0300A0E1 		mov	r0, r3
 2125 0214 FEFFFFEB 		bl	timer0_init
  84:../gestorRebotes.c **** }
 2126              		.loc 1 84 0
 2127 0218 0CD04BE2 		sub	sp, fp, #12
 2128 021c 00689DE8 		ldmfd	sp, {fp, sp, lr}
 2129 0220 1EFF2FE1 		bx	lr
 2130              	.L11:
 2131              		.align	2
 2132              	.L10:
 2133 0224 00000000 		.word	estado
 2134 0228 00000000 		.word	botonPulsado
 2135 022c 00000000 		.word	tiempoAlPulsar_Soltar
 2136              		.cfi_endproc
 2137              	.LFE1:
 2139              		.align	2
 2140              		.global	timer0_init
 2142              	timer0_init:
 2143              	.LFB2:
  85:../gestorRebotes.c **** 
  86:../gestorRebotes.c **** // Inicializa los valores del timer.
  87:../gestorRebotes.c **** void timer0_init(int tiempo)
  88:../gestorRebotes.c **** {
 2144              		.loc 1 88 0
 2145              		.cfi_startproc
 2146              		@ Function supports interworking.
 2147              		@ args = 0, pretend = 0, frame = 8
 2148              		@ frame_needed = 1, uses_anonymous_args = 0
 2149 0230 0DC0A0E1 		mov	ip, sp
 2150              	.LCFI4:
 2151              		.cfi_def_cfa_register 12
 2152 0234 00D82DE9 		stmfd	sp!, {fp, ip, lr, pc}
 2153 0238 04B04CE2 		sub	fp, ip, #4
 2154              		.cfi_offset 14, -8
 2155              		.cfi_offset 13, -12
 2156              		.cfi_offset 11, -16
 2157              	.LCFI5:
 2158              		.cfi_def_cfa 11, 4
 2159 023c 08D04DE2 		sub	sp, sp, #8
 2160 0240 10000BE5 		str	r0, [fp, #-16]
  89:../gestorRebotes.c **** 	/* Configuracion controlador de interrupciones */
  90:../gestorRebotes.c **** 	rINTMSK &= ~(BIT_TIMER0); // Emascara el bit del timer 0.
 2161              		.loc 1 90 0
 2162 0244 94309FE5 		ldr	r3, .L13
 2163 0248 90209FE5 		ldr	r2, .L13
 2164 024c 002092E5 		ldr	r2, [r2, #0]
 2165 0250 022AC2E3 		bic	r2, r2, #8192
 2166 0254 002083E5 		str	r2, [r3, #0]
  91:../gestorRebotes.c **** 
  92:../gestorRebotes.c **** 	/* Establece la rutina de servicio para TIMER0 */
  93:../gestorRebotes.c **** 	pISR_TIMER0 = (unsigned) timer0_ISR;
 2167              		.loc 1 93 0
 2168 0258 84309FE5 		ldr	r3, .L13+4
 2169 025c 84209FE5 		ldr	r2, .L13+8
 2170 0260 002083E5 		str	r2, [r3, #0]
  94:../gestorRebotes.c **** 
  95:../gestorRebotes.c **** 	/* Configura el Timer0 */
  96:../gestorRebotes.c **** 	rTCFG0 |= 0x000000FF; // ajusta el preescalado a 255
 2171              		.loc 1 96 0
 2172 0264 80309FE5 		ldr	r3, .L13+12
 2173 0268 7C209FE5 		ldr	r2, .L13+12
 2174 026c 002092E5 		ldr	r2, [r2, #0]
 2175 0270 FF2082E3 		orr	r2, r2, #255
 2176 0274 002083E5 		str	r2, [r3, #0]
  97:../gestorRebotes.c **** 	rTCFG1 &= 0xFFFFFFF0; // selecciona la entrada del mux que proporciona el reloj. La 00 corresponde
 2177              		.loc 1 97 0
 2178 0278 70309FE5 		ldr	r3, .L13+16
 2179 027c 6C209FE5 		ldr	r2, .L13+16
 2180 0280 002092E5 		ldr	r2, [r2, #0]
 2181 0284 0F20C2E3 		bic	r2, r2, #15
 2182 0288 002083E5 		str	r2, [r3, #0]
  98:../gestorRebotes.c **** 	rTCNTB0 = tiempo;// valor inicial de cuenta (la cuenta es descendente)
 2183              		.loc 1 98 0
 2184 028c 60309FE5 		ldr	r3, .L13+20
 2185 0290 10201BE5 		ldr	r2, [fp, #-16]
 2186 0294 002083E5 		str	r2, [r3, #0]
  99:../gestorRebotes.c **** 	rTCMPB0 = 0;// valor de comparación
 2187              		.loc 1 99 0
 2188 0298 58309FE5 		ldr	r3, .L13+24
 2189 029c 0020A0E3 		mov	r2, #0
 2190 02a0 002083E5 		str	r2, [r3, #0]
 100:../gestorRebotes.c **** 	/* establecer update=manual (bit 1) + inverter=on (¿? será inverter off un cero en el bit 2 pone e
 101:../gestorRebotes.c **** 	rTCON = (rTCON & 0xFFFFFFF0) | 0x2;
 2191              		.loc 1 101 0
 2192 02a4 50309FE5 		ldr	r3, .L13+28
 2193 02a8 4C209FE5 		ldr	r2, .L13+28
 2194 02ac 002092E5 		ldr	r2, [r2, #0]
 2195 02b0 0F20C2E3 		bic	r2, r2, #15
 2196 02b4 022082E3 		orr	r2, r2, #2
 2197 02b8 002083E5 		str	r2, [r3, #0]
 102:../gestorRebotes.c **** 	/* iniciar timer (bit 0) con auto-reload (bit 3)*/
 103:../gestorRebotes.c **** 	rTCON = (rTCON & 0xFFFFFFF0) | 0x9;
 2198              		.loc 1 103 0
 2199 02bc 38309FE5 		ldr	r3, .L13+28
 2200 02c0 34209FE5 		ldr	r2, .L13+28
 2201 02c4 002092E5 		ldr	r2, [r2, #0]
 2202 02c8 0F20C2E3 		bic	r2, r2, #15
 2203 02cc 092082E3 		orr	r2, r2, #9
 2204 02d0 002083E5 		str	r2, [r3, #0]
 104:../gestorRebotes.c **** }
 2205              		.loc 1 104 0
 2206 02d4 0CD04BE2 		sub	sp, fp, #12
 2207 02d8 00689DE8 		ldmfd	sp, {fp, sp, lr}
 2208 02dc 1EFF2FE1 		bx	lr
 2209              	.L14:
 2210              		.align	2
 2211              	.L13:
 2212 02e0 0C00E001 		.word	31457292
 2213 02e4 54FF7F0C 		.word	209715028
 2214 02e8 00000000 		.word	timer0_ISR
 2215 02ec 0000D501 		.word	30736384
 2216 02f0 0400D501 		.word	30736388
 2217 02f4 0C00D501 		.word	30736396
 2218 02f8 1000D501 		.word	30736400
 2219 02fc 0800D501 		.word	30736392
 2220              		.cfi_endproc
 2221              	.LFE2:
 2223              	.Letext0:
DEFINED SYMBOLS
                            *ABS*:00000000 gestorRebotes.c
C:\Users\a680669\AppData\Local\Temp\ccrRpjKs.s:1886   .bss:00000000 haLlegadoA500ms
C:\Users\a680669\AppData\Local\Temp\ccrRpjKs.s:1883   .bss:00000000 $d
C:\Users\a680669\AppData\Local\Temp\ccrRpjKs.s:1892   .bss:00000004 veces10ms
C:\Users\a680669\AppData\Local\Temp\ccrRpjKs.s:1898   .bss:00000008 estado
                            *COM*:00000004 botonPulsado
C:\Users\a680669\AppData\Local\Temp\ccrRpjKs.s:1906   .data:00000000 tiempoAlPulsar_Soltar
C:\Users\a680669\AppData\Local\Temp\ccrRpjKs.s:1903   .data:00000000 $d
C:\Users\a680669\AppData\Local\Temp\ccrRpjKs.s:1912   .data:00000004 tiempoSiguePulsado
C:\Users\a680669\AppData\Local\Temp\ccrRpjKs.s:1915   .text:00000000 $a
C:\Users\a680669\AppData\Local\Temp\ccrRpjKs.s:1918   .text:00000000 timer0_ISR
C:\Users\a680669\AppData\Local\Temp\ccrRpjKs.s:2142   .text:00000230 timer0_init
C:\Users\a680669\AppData\Local\Temp\ccrRpjKs.s:2078   .text:000001b4 $d
C:\Users\a680669\AppData\Local\Temp\ccrRpjKs.s:2091   .text:000001dc $a
C:\Users\a680669\AppData\Local\Temp\ccrRpjKs.s:2094   .text:000001dc gestionarRebotesPulsacion
C:\Users\a680669\AppData\Local\Temp\ccrRpjKs.s:2133   .text:00000224 $d
C:\Users\a680669\AppData\Local\Temp\ccrRpjKs.s:2139   .text:00000230 $a
C:\Users\a680669\AppData\Local\Temp\ccrRpjKs.s:2212   .text:000002e0 $d
                     .debug_frame:00000010 $d

UNDEFINED SYMBOLS
gestionarSudoku
