   1              	# 1 "../sudoku_inicializar.asm"
   1              	#
   0              	
   0              	
   0              	
   2              	#  USING A .C FUNCTION
   3              	#
   4              	# FUNCTION CALL the parameters are stored in r0 and r1
   5              	# If there are 4 or less parameters when calling a C function the compiler assumes that they have
   6              	# been stored in r0-r3. If there are more parameters you have to store them in the data stack using
   7              	# function __c_copy is in copy.c
   8              	.global sudoku_init
   9              	
  10              	sudoku_init:
  11 0000 04009FE5 	        LDR     r0, =cuadricula  /*  puntero a la cuadricula */
  12 0004 1EFF2FE1 	        bx      lr
  13              	
  14              	stop:
  15 0008 FEFFFFEA 	        B       stop        /*  end of program */
  16              	
  17              	###################################################################################################
  18              	.data
  19              	.ltorg /*guarantees the alignment*/
  20              	.align 5
  21              	
  22              	# huecos para cuadrar
  23              	cuadricula:
  24              	     /* 9 filas de 16 entradas para facilitar la visualizacion y 16 bits por celda */
  25 0000 00980068 	    .hword   0x9800,0x6800,0x0000,0x0000,0x0000,0x0000,0x7800,0x0000,0x8800,0,0,0,0,0,0,0
  25      00000000 
  25      00000000 
  25      00780000 
  25      00880000 
  26 0020 00880000 	    .hword   0x8800,0x0000,0x0000,0x0000,0x0000,0x4800,0x3800,0x0000,0x0000,0,0,0,0,0,0,0
  26      00000000 
  26      00000048 
  26      00380000 
  26      00000000 
  27 0040 00180000 	    .hword   0x1800,0x0000,0x0000,0x5800,0x0000,0x0000,0x0000,0x0000,0x0000,0,0,0,0,0,0,0
  27      00000058 
  27      00000000 
  27      00000000 
  27      00000000 
  28 0060 00000000 	    .hword   0x0000,0x0000,0x0000,0x0000,0x0000,0x0000,0x1800,0x7800,0x6800,0,0,0,0,0,0,0
  28      00000000 
  28      00000000 
  28      00180078 
  28      00680000 
  29 0080 00280000 	    .hword   0x2800,0x0000,0x0000,0x0000,0x9800,0x3800,0x0000,0x0000,0x5800,0,0,0,0,0,0,0
  29      00000000 
  29      00980038 
  29      00000000 
  29      00580000 
  30 00a0 00780000 	    .hword   0x7800,0x0000,0x8800,0x0000,0x0000,0x0000,0x0000,0x0000,0x0000,0,0,0,0,0,0,0
  30      00880000 
  30      00000000 
  30      00000000 
  30      00000000 
  31 00c0 00000000 	    .hword   0x0000,0x0000,0x7800,0x0000,0x3800,0x2800,0x0000,0x4800,0x0000,0,0,0,0,0,0,0
  31      00780000 
  31      00380028 
  31      00000048 
  31      00000000 
  32 00e0 00380088 	    .hword   0x3800,0x8800,0x2800,0x1800,0x0000,0x5800,0x6800,0x0000,0x0000,0,0,0,0,0,0,0
  32      00280018 
  32      00000058 
  32      00680000 
  32      00000000 
  33 0100 00000048 	    .hword   0x0000,0x4800,0x1800,0x0000,0x0000,0x9800,0x5800,0x2800,0x0000,0,0,0,0,0,0,0
  33      00180000 
  33      00000098 
  33      00580028 
  33      00000000 
  34              	
  35              	.end
DEFINED SYMBOLS
../sudoku_inicializar.asm:10     .text:00000000 sudoku_init
../sudoku_inicializar.asm:23     .data:00000000 cuadricula
../sudoku_inicializar.asm:11     .text:00000000 $a
../sudoku_inicializar.asm:14     .text:00000008 stop
../sudoku_inicializar.asm:20     .data:00000000 $d
../sudoku_inicializar.asm:18     .text:0000000c $d
                   .debug_aranges:0000000c $d

NO UNDEFINED SYMBOLS
